SF:lib\features\profile\data\datasources\profile_remote_datasource.dart
DA:13,1
DA:14,1
DA:16,2
DA:17,2
DA:18,2
DA:19,3
DA:21,1
DA:23,1
DA:26,1
DA:28,2
DA:29,2
DA:30,2
DA:31,3
DA:32,1
DA:34,1
LF:15
LH:15
end_of_record
SF:lib\features\profile\data\models\profile_model.dart
DA:7,1
DA:13,2
DA:16,1
DA:17,1
DA:18,1
DA:19,1
DA:20,1
DA:21,1
DA:22,1
DA:27,0
DA:28,0
DA:29,0
DA:30,0
DA:31,0
DA:32,0
DA:33,0
DA:37,1
DA:38,1
DA:39,0
DA:41,4
LF:20
LH:12
end_of_record
SF:lib\features\profile\domain\entities\profile.dart
DA:8,1
DA:14,1
DA:16,5
LF:3
LH:3
end_of_record
